<?xml version="1.0" encoding="UTF-8"?>
<!-- Generated by org.testng.reporters.JUnitReportReporter -->
<testsuite hostname="Muthukumar" failures="0" tests="2" name="com.testEvn.TC001" time="2.167" errors="0" timestamp="2023-08-13T13:26:48 IST" skipped="0">
  <testcase classname="com.testEvn.TC001" name="searchAProduct" time="2.092"/>
  <testcase classname="com.testEvn.TC001" name="validateTheHomePage" time="0.075"/>
</testsuite> <!-- com.testEvn.TC001 -->
