<?xml version="1.0" encoding="UTF-8"?>
<!-- Generated by org.testng.reporters.JUnitReportReporter -->
<testsuite hostname="Muthukumar" failures="0" tests="2" name="com.testEvn.TC003" time="40.521" errors="0" timestamp="2023-08-13T13:11:44 IST" skipped="0">
  <testcase classname="com.testEvn.TC003" name="searchAProduct" time="0.750"/>
  <testcase classname="com.testEvn.TC003" name="chrome" time="39.771"/>
</testsuite> <!-- com.testEvn.TC003 -->
