<?xml version="1.0" encoding="UTF-8"?>
<!-- Generated by org.testng.reporters.JUnitReportReporter -->
<testsuite hostname="Muthukumar" failures="0" tests="2" name="com.testExecution.TS001" time="0.831" errors="0" timestamp="12 Aug 2023 07:42:36 GMT" skipped="0">
  <testcase classname="com.testExecution.TS001" name="ValidateTheHomePage" time="0.443"/>
  <testcase classname="com.testExecution.TS001" name="searchAProduct" time="0.388"/>
</testsuite> <!-- com.testExecution.TS001 -->
