<?xml version="1.0" encoding="UTF-8"?>
<!-- Generated by org.testng.reporters.JUnitReportReporter -->
<testsuite hostname="Muthukumar" failures="0" tests="2" name="com.testExecution.TS003" time="23.062" errors="0" timestamp="12 Aug 2023 07:44:04 GMT" skipped="0">
  <testcase classname="com.testExecution.TS003" name="setUp" time="11.531"/>
  <testcase classname="com.testExecution.TS003" name="setUp" time="11.531"/>
</testsuite> <!-- com.testExecution.TS003 -->
