<?xml version="1.0" encoding="UTF-8"?>
<!-- Generated by org.testng.reporters.JUnitReportReporter -->
<testsuite hostname="Muthukumar" failures="0" tests="2" name="com.testEvn.TC002" time="1.508" errors="0" timestamp="2023-08-13T13:26:48 IST" skipped="1">
  <testcase classname="com.testEvn.TC002" name="searchAProduct" time="1.508"/>
  <testcase classname="com.testEvn.TC002" name="validateTheHomePage">
    <skipped/>
  </testcase> <!-- validateTheHomePage -->
</testsuite> <!-- com.testEvn.TC002 -->
