<?xml version="1.0" encoding="UTF-8"?>
<!-- Generated by org.testng.reporters.JUnitReportReporter -->
<testsuite hostname="Muthukumar" failures="0" tests="2" name="com.testExecution.TS001" time="0.000" errors="0" timestamp="12 Aug 2023 07:10:56 GMT" skipped="2">
  <testcase classname="com.testExecution.TS001" name="searchAProduct" time="0.000">
    <skipped/>
  </testcase> <!-- searchAProduct -->
  <testcase classname="com.testExecution.TS001" name="ValidateTheHomePage" time="0.000">
    <skipped/>
  </testcase> <!-- ValidateTheHomePage -->
</testsuite> <!-- com.testExecution.TS001 -->
